2025-04-28 16:28:26,487 [main] INFO  (DfReplaceSchemaTask#begin():94) - +------------------------------------------+
2025-04-28 16:28:26,490 [main] INFO  (DfReplaceSchemaTask#begin():95) - |                                          |
2025-04-28 16:28:26,490 [main] INFO  (DfReplaceSchemaTask#begin():96) - |              ReplaceSchema               |
2025-04-28 16:28:26,498 [main] INFO  (DfReplaceSchemaTask#begin():104) - |                                          |
2025-04-28 16:28:26,499 [main] INFO  (DfReplaceSchemaTask#begin():105) - +------------------------------------------+
2025-04-28 16:28:26,502 [main] INFO  (DfReplaceSchemaTask#waitBeforeReps():423) - ...Waiting for your GO SIGN from stdin before ReplaceSchema:
2025-04-28 16:28:26,589 [main] INFO  (DfDataSourceHandler#prepare():78) - ...Preparing data source:
2025-04-28 16:28:26,590 [main] INFO  (DfDataSourceHandler#prepare():79) -   driver = org.postgresql.Driver
2025-04-28 16:28:26,590 [main] INFO  (DfDataSourceHandler#prepare():80) -   url    = jdbc:postgresql://localhost:5432/maihamadb
2025-04-28 16:28:26,591 [main] INFO  (DfDataSourceHandler#prepare():81) -   user   = maihamadb
2025-04-28 16:28:26,604 [main] INFO  (DfDataSourceHandler#createConnection():166) - ...Connecting to database by data source:
2025-04-28 16:28:26,891 [main] INFO  (DfDataSourceHandler#setupConnectionMetaInfo():233) -   product = PostgreSQL 17.4 (Debian 17.4-1.pgdg120+2)
2025-04-28 16:28:26,892 [main] INFO  (DfDataSourceHandler#setupConnectionMetaInfo():234) -   driver  = PostgreSQL JDBC Driver 42.2.10 for JDBC 4.2
2025-04-28 16:28:26,896 [main] INFO  (DfCurrentSchemaConnector#executeCurrentSchemaSql():77) - ...Connecting to the schema
2025-04-28 16:28:26,896 [main] INFO  (DfCurrentSchemaConnector#executeCurrentSchemaSql():78) - set search_path to resolaschema
2025-04-28 16:28:26,906 [main] INFO  (DfCreateSchemaProcess#initializeSchemaMainDrop():253) - 
2025-04-28 16:28:26,907 [main] INFO  (DfCreateSchemaProcess#initializeSchemaMainDrop():254) - * * * * * * * * * * *
2025-04-28 16:28:26,907 [main] INFO  (DfCreateSchemaProcess#initializeSchemaMainDrop():255) - *                   *
2025-04-28 16:28:26,907 [main] INFO  (DfCreateSchemaProcess#initializeSchemaMainDrop():256) - * Initialize Schema *
2025-04-28 16:28:26,908 [main] INFO  (DfCreateSchemaProcess#initializeSchemaMainDrop():257) - *                   *
2025-04-28 16:28:26,908 [main] INFO  (DfCreateSchemaProcess#initializeSchemaMainDrop():258) - * * * * * * * * * * *
2025-04-28 16:28:26,913 [main] INFO  (DfTableExtractor#doGetTableList():66) - ...Getting tables:
2025-04-28 16:28:26,914 [main] INFO  (DfTableExtractor#doGetTableList():67) -   schema = {maihamadb.resolaschema as main}
2025-04-28 16:28:26,914 [main] INFO  (DfTableExtractor#doGetTableList():68) -   types  = [TABLE, VIEW]
2025-04-28 16:28:26,966 [main] INFO  (DfCreateSchemaProcess#createSchema():293) - 
2025-04-28 16:28:26,968 [main] INFO  (DfCreateSchemaProcess#createSchema():294) - * * * * * * * * *
2025-04-28 16:28:26,969 [main] INFO  (DfCreateSchemaProcess#createSchema():295) - *               *
2025-04-28 16:28:26,970 [main] INFO  (DfCreateSchemaProcess#createSchema():296) - * Create Schema *
2025-04-28 16:28:26,971 [main] INFO  (DfCreateSchemaProcess#createSchema():297) - *               *
2025-04-28 16:28:26,971 [main] INFO  (DfCreateSchemaProcess#createSchema():298) - * * * * * * * * *
2025-04-28 16:28:26,973 [main] INFO  (DfSqlFileFireMan#fire():68) - ...Firing: replace-schema.sql
2025-04-28 16:28:26,976 [main] INFO  (DfSqlFileRunnerBase#traceSql():168) - 
create table STATION(
    STATION_ID INTEGER NOT NULL primary key,
    STATION_NAME VARCHAR(50) NOT NULL,
    BIRTHDATE DATE,
    FORMALIZED_DATETIME DATETIME,
    HOME_COUNT INTEGER,
    WORKING_KILOMETER DECIMAL(4,2)
)
2025-04-28 16:28:26,989 [main] INFO  (DfSqlFileFireMan#fire():93) - Create Schema: success=0, failure=1 *break (in 1 files)
2025-04-28 16:28:26,993 [main] ERROR (DfDBFluteTaskUtil#logException():150) - Look! Read the message below.
/* * * * * * * * * * * * * * * * * * * * * * * * * * * * * * * * * *
Failed to execute DBFlute Task 'ReplaceSchema'.

[Advice]
Check the exception messages and the stack traces.

[Database Product]
PostgreSQL 17.4 (Debian 17.4-1.pgdg120+2)

[JDBC Driver]
PostgreSQL JDBC Driver 42.2.10 for JDBC 4.2
* * * * * * * * * */
org.dbflute.exception.SQLFailureException: Look! Read the message below.
/* * * * * * * * * * * * * * * * * * * * * * * * * * * * * * * * * *
Failed to execute the SQL!

[SQL File]
playsql/replace-schema.sql

[Executed SQL]
create table STATION(
    STATION_ID INTEGER NOT NULL primary key,
    STATION_NAME VARCHAR(50) NOT NULL,
    BIRTHDATE DATE,
    FORMALIZED_DATETIME DATETIME,
    HOME_COUNT INTEGER,
    WORKING_KILOMETER DECIMAL(4,2)
)

[SQLState]
42704

[ErrorCode]
0

[SQLException]
org.postgresql.util.PSQLException
ERROR: type "datetime" does not exist
  位置: 151
* * * * * * * * * */
	at org.dbflute.helper.jdbc.sqlfile.DfSqlFileRunnerBase.throwSQLFailureException(DfSqlFileRunnerBase.java:587)
	at org.dbflute.helper.jdbc.sqlfile.DfSqlFileRunnerExecute.execSQL(DfSqlFileRunnerExecute.java:80)
	at org.dbflute.helper.jdbc.sqlfile.DfSqlFileRunnerBase.runTransaction(DfSqlFileRunnerBase.java:122)
	at org.dbflute.helper.jdbc.sqlfile.DfSqlFileFireMan.processSqlFile(DfSqlFileFireMan.java:174)
	at org.dbflute.helper.jdbc.sqlfile.DfSqlFileFireMan.fire(DfSqlFileFireMan.java:71)
	at org.dbflute.logic.replaceschema.process.DfCreateSchemaProcess.createSchema(DfCreateSchemaProcess.java:302)
	at org.dbflute.logic.replaceschema.process.DfCreateSchemaProcess.execute(DfCreateSchemaProcess.java:154)
	at org.dbflute.task.DfReplaceSchemaTask.createSchema(DfReplaceSchemaTask.java:309)
	at org.dbflute.task.DfReplaceSchemaTask.executeCoreProcess(DfReplaceSchemaTask.java:254)
	at org.dbflute.task.DfReplaceSchemaTask.processReplaceSchema(DfReplaceSchemaTask.java:240)
	at org.dbflute.task.DfReplaceSchemaTask.doExecute(DfReplaceSchemaTask.java:160)
	at org.dbflute.task.bs.DfAbstractTexenTask$1.callActualExecute(DfAbstractTexenTask.java:129)
	at org.dbflute.task.bs.assistant.DfTaskBasicController.doExecute(DfTaskBasicController.java:192)
	at org.dbflute.task.bs.assistant.DfTaskBasicController.execute(DfTaskBasicController.java:78)
	at org.dbflute.task.bs.DfAbstractTexenTask.execute(DfAbstractTexenTask.java:151)
	at org.apache.tools.ant.UnknownElement.execute(UnknownElement.java:288)
	at sun.reflect.GeneratedMethodAccessor3.invoke(Unknown Source)
	at sun.reflect.DelegatingMethodAccessorImpl.invoke(DelegatingMethodAccessorImpl.java:43)
	at java.lang.reflect.Method.invoke(Method.java:498)
	at org.apache.tools.ant.dispatch.DispatchUtils.execute(DispatchUtils.java:105)
	at org.apache.tools.ant.Task.perform(Task.java:348)
	at org.apache.tools.ant.Target.execute(Target.java:357)
	at org.apache.tools.ant.Target.performTasks(Target.java:385)
	at org.apache.tools.ant.Project.executeSortedTargets(Project.java:1329)
	at org.apache.tools.ant.Project.executeTarget(Project.java:1298)
	at org.apache.tools.ant.helper.DefaultExecutor.executeTargets(DefaultExecutor.java:41)
	at org.apache.tools.ant.Project.executeTargets(Project.java:1181)
	at org.apache.tools.ant.Main.runBuild(Main.java:698)
	at org.apache.tools.ant.Main.startAnt(Main.java:199)
	at org.apache.tools.ant.launch.Launcher.run(Launcher.java:257)
	at org.apache.tools.ant.launch.Launcher.main(Launcher.java:104)
Caused by: org.postgresql.util.PSQLException: ERROR: type "datetime" does not exist
  位置: 151
	at org.postgresql.core.v3.QueryExecutorImpl.receiveErrorResponse(QueryExecutorImpl.java:2510)
	at org.postgresql.core.v3.QueryExecutorImpl.processResults(QueryExecutorImpl.java:2245)
	at org.postgresql.core.v3.QueryExecutorImpl.execute(QueryExecutorImpl.java:311)
	at org.postgresql.jdbc.PgStatement.executeInternal(PgStatement.java:447)
	at org.postgresql.jdbc.PgStatement.execute(PgStatement.java:368)
	at org.postgresql.jdbc.PgStatement.executeWithFlags(PgStatement.java:309)
	at org.postgresql.jdbc.PgStatement.executeCachedSql(PgStatement.java:295)
	at org.postgresql.jdbc.PgStatement.executeWithFlags(PgStatement.java:272)
	at org.postgresql.jdbc.PgStatement.execute(PgStatement.java:267)
	at org.dbflute.helper.jdbc.sqlfile.DfSqlFileRunnerExecute.processNonDispatch(DfSqlFileRunnerExecute.java:98)
	at org.dbflute.logic.replaceschema.process.DfCreateSchemaProcess$DfSqlFileRunnerExecuteCreateSchema.processNonDispatch(DfCreateSchemaProcess.java:490)
	at org.dbflute.helper.jdbc.sqlfile.DfSqlFileRunnerExecute.execSQL(DfSqlFileRunnerExecute.java:66)
	... 29 more
2025-04-28 16:28:27,033 [main] INFO  (DfDataSourceHandler#destroy():120) - ...closeReally()
2025-04-28 16:28:27,054 [main] INFO  (DfDBFluteTaskUtil#logFinalMessage():139) - 
_/_/_/_/_/_/_/_/_/_/_/_/_/_/_/_/_/_/_/_/_/_/
[Final Message]: 00m00s567ms *Abort

  DBFLUTE_CLIENT: {resolaschema}
    database  = postgresql (PostgreSQL 17.4 (Debian 17.4-1.pgdg120+2))
    language  = java
    container = spring
    package   = org.docksidestage.dbflute.resola

  DBFLUTE_ENVIRONMENT_TYPE: {}
    driver = org.postgresql.Driver (PostgreSQL JDBC Driver 42.2.10 for JDBC 4.2)
    url    = jdbc:postgresql://localhost:5432/maihamadb
    schema = {maihamadb.resolaschema as main}
    user   = maihamadb
    props  = {}
    additionalSchema = 
    repsEnvType      = ut
    refreshProject   = $$AutoDetect$$

 Create Schema: success=0, failure=1 *break (in 1 files) - 00m00s088ms
  (Initialize Schema) - 00m00s059ms
  (Create Schema) - 00m00s019ms
  x replace-schema.sql
   >> (failed: Look at the exception message)
    * * * * * *
    * Failure *
    * * * * * *
_/_/_/_/_/_/_/_/_/_/ {ReplaceSchema}
2025-04-28 16:28:59,640 [main] INFO  (DfReplaceSchemaTask#begin():94) - +------------------------------------------+
2025-04-28 16:28:59,643 [main] INFO  (DfReplaceSchemaTask#begin():95) - |                                          |
2025-04-28 16:28:59,643 [main] INFO  (DfReplaceSchemaTask#begin():96) - |              ReplaceSchema               |
2025-04-28 16:28:59,648 [main] INFO  (DfReplaceSchemaTask#begin():104) - |                                          |
2025-04-28 16:28:59,650 [main] INFO  (DfReplaceSchemaTask#begin():105) - +------------------------------------------+
2025-04-28 16:28:59,653 [main] INFO  (DfReplaceSchemaTask#waitBeforeReps():423) - ...Waiting for your GO SIGN from stdin before ReplaceSchema:
2025-04-28 16:28:59,743 [main] INFO  (DfDataSourceHandler#prepare():78) - ...Preparing data source:
2025-04-28 16:28:59,744 [main] INFO  (DfDataSourceHandler#prepare():79) -   driver = org.postgresql.Driver
2025-04-28 16:28:59,744 [main] INFO  (DfDataSourceHandler#prepare():80) -   url    = jdbc:postgresql://localhost:5432/maihamadb
2025-04-28 16:28:59,745 [main] INFO  (DfDataSourceHandler#prepare():81) -   user   = maihamadb
2025-04-28 16:28:59,759 [main] INFO  (DfDataSourceHandler#createConnection():166) - ...Connecting to database by data source:
2025-04-28 16:29:00,043 [main] INFO  (DfDataSourceHandler#setupConnectionMetaInfo():233) -   product = PostgreSQL 17.4 (Debian 17.4-1.pgdg120+2)
2025-04-28 16:29:00,044 [main] INFO  (DfDataSourceHandler#setupConnectionMetaInfo():234) -   driver  = PostgreSQL JDBC Driver 42.2.10 for JDBC 4.2
2025-04-28 16:29:00,048 [main] INFO  (DfCurrentSchemaConnector#executeCurrentSchemaSql():77) - ...Connecting to the schema
2025-04-28 16:29:00,048 [main] INFO  (DfCurrentSchemaConnector#executeCurrentSchemaSql():78) - set search_path to resolaschema
2025-04-28 16:29:00,060 [main] INFO  (DfCreateSchemaProcess#initializeSchemaMainDrop():253) - 
2025-04-28 16:29:00,060 [main] INFO  (DfCreateSchemaProcess#initializeSchemaMainDrop():254) - * * * * * * * * * * *
2025-04-28 16:29:00,060 [main] INFO  (DfCreateSchemaProcess#initializeSchemaMainDrop():255) - *                   *
2025-04-28 16:29:00,060 [main] INFO  (DfCreateSchemaProcess#initializeSchemaMainDrop():256) - * Initialize Schema *
2025-04-28 16:29:00,061 [main] INFO  (DfCreateSchemaProcess#initializeSchemaMainDrop():257) - *                   *
2025-04-28 16:29:00,061 [main] INFO  (DfCreateSchemaProcess#initializeSchemaMainDrop():258) - * * * * * * * * * * *
2025-04-28 16:29:00,067 [main] INFO  (DfTableExtractor#doGetTableList():66) - ...Getting tables:
2025-04-28 16:29:00,067 [main] INFO  (DfTableExtractor#doGetTableList():67) -   schema = {maihamadb.resolaschema as main}
2025-04-28 16:29:00,067 [main] INFO  (DfTableExtractor#doGetTableList():68) -   types  = [TABLE, VIEW]
2025-04-28 16:29:00,111 [main] INFO  (DfCreateSchemaProcess#createSchema():293) - 
2025-04-28 16:29:00,113 [main] INFO  (DfCreateSchemaProcess#createSchema():294) - * * * * * * * * *
2025-04-28 16:29:00,115 [main] INFO  (DfCreateSchemaProcess#createSchema():295) - *               *
2025-04-28 16:29:00,116 [main] INFO  (DfCreateSchemaProcess#createSchema():296) - * Create Schema *
2025-04-28 16:29:00,117 [main] INFO  (DfCreateSchemaProcess#createSchema():297) - *               *
2025-04-28 16:29:00,117 [main] INFO  (DfCreateSchemaProcess#createSchema():298) - * * * * * * * * *
2025-04-28 16:29:00,120 [main] INFO  (DfSqlFileFireMan#fire():68) - ...Firing: replace-schema.sql
2025-04-28 16:29:00,124 [main] INFO  (DfSqlFileRunnerBase#traceSql():168) - 
create table STATION(
    STATION_ID INTEGER NOT NULL primary key,
    STATION_NAME VARCHAR(50) NOT NULL,
    BIRTHDATE DATE,
    FORMALIZED_DATETIME timestamp(3),
    HOME_COUNT INTEGER,
    WORKING_KILOMETER DECIMAL(4,2)
)
2025-04-28 16:29:00,134 [main] INFO  (DfSqlFileRunnerBase#traceSql():168) - 
create table TICKET_GATE(
    TICKET_GATE_ID INTEGER NOT NULL primary key,
    TICKET_GATE_NAME VARCHAR(50) NOT NULL,
    STATION_ID INTEGER NOT NULL
)
2025-04-28 16:29:00,140 [main] INFO  (DfSqlFileRunnerBase#traceSql():168) - 
alter table TICKET_GATE add constraint FK_TICKET_GATE_STATION 
    foreign key (STATION_ID) references STATION (STATION_ID)
2025-04-28 16:29:00,154 [main] INFO  (DfSqlFileRunnerBase#traceResult():172) -  -> success=3 failure=0
2025-04-28 16:29:00,155 [main] INFO  (DfSqlFileFireMan#fire():93) - Create Schema: success=3, failure=0 (in 1 files)
2025-04-28 16:29:00,208 [main] INFO  (DfLoadDataProcess#execute():133) - 
2025-04-28 16:29:00,210 [main] INFO  (DfLoadDataProcess#execute():134) - * * * * * * * * * * *
2025-04-28 16:29:00,210 [main] INFO  (DfLoadDataProcess#execute():135) - *                   *
2025-04-28 16:29:00,210 [main] INFO  (DfLoadDataProcess#execute():136) - * Load Data         *
2025-04-28 16:29:00,211 [main] INFO  (DfLoadDataProcess#execute():137) - *                   *
2025-04-28 16:29:00,211 [main] INFO  (DfLoadDataProcess#execute():138) - * * * * * * * * * * *
2025-04-28 16:29:00,228 [main] INFO  (DfTakeFinallyProcess#takeFinally():244) - 
2025-04-28 16:29:00,228 [main] INFO  (DfTakeFinallyProcess#takeFinally():245) - * * * * * * * **
2025-04-28 16:29:00,228 [main] INFO  (DfTakeFinallyProcess#takeFinally():246) - *              *
2025-04-28 16:29:00,229 [main] INFO  (DfTakeFinallyProcess#takeFinally():247) - * Take Finally *
2025-04-28 16:29:00,229 [main] INFO  (DfTakeFinallyProcess#takeFinally():248) - *              *
2025-04-28 16:29:00,229 [main] INFO  (DfTakeFinallyProcess#takeFinally():249) - * * * * * * * **
2025-04-28 16:29:00,232 [main] INFO  (DfSqlFileFireMan#fire():68) - ...Firing: take-finally.sql
2025-04-28 16:29:00,233 [main] INFO  (DfSqlFileRunnerBase#traceResult():172) -  -> success=0 failure=0
2025-04-28 16:29:00,234 [main] INFO  (DfSqlFileFireMan#fire():93) - Take Finally: success=0, failure=0 (in 1 files)
2025-04-28 16:29:00,234 [main] INFO  (DfDataSourceHandler#destroy():120) - ...closeReally()
2025-04-28 16:29:00,240 [main] INFO  (DfDBFluteTaskUtil#logFinalMessage():139) - 
_/_/_/_/_/_/_/_/_/_/_/_/_/_/_/_/_/_/_/_/_/_/
[Final Message]: 00m00s610ms

  DBFLUTE_CLIENT: {resolaschema}
    database  = postgresql (PostgreSQL 17.4 (Debian 17.4-1.pgdg120+2))
    language  = java
    container = spring
    package   = org.docksidestage.dbflute.resola

  DBFLUTE_ENVIRONMENT_TYPE: {}
    driver = org.postgresql.Driver (PostgreSQL JDBC Driver 42.2.10 for JDBC 4.2)
    url    = jdbc:postgresql://localhost:5432/maihamadb
    schema = {maihamadb.resolaschema as main}
    user   = maihamadb
    props  = {}
    additionalSchema = 
    repsEnvType      = ut
    refreshProject   = $$AutoDetect$$

 Create Schema: success=3, failure=0 (in 1 files) - 00m00s102ms
  (Initialize Schema) - 00m00s050ms
  (Create Schema) - 00m00s040ms
  o replace-schema.sql

 Load Data: *empty loading - 00m00s016ms
  - (no data file)

 Take Finally: success=0, failure=0 (in 1 files) - 00m00s006ms
  o take-finally.sql
_/_/_/_/_/_/_/_/_/_/ {ReplaceSchema}
2025-04-28 16:33:10,320 [main] INFO  (TorqueDocumentationTask#begin():193) - +------------------------------------------+
2025-04-28 16:33:10,328 [main] INFO  (TorqueDocumentationTask#begin():194) - |                                          |
2025-04-28 16:33:10,329 [main] INFO  (TorqueDocumentationTask#begin():195) - |                   Doc                    |
2025-04-28 16:33:10,330 [main] INFO  (TorqueDocumentationTask#begin():198) - |            (LoadDataReverse)             |
2025-04-28 16:33:10,330 [main] INFO  (TorqueDocumentationTask#begin():203) - |                                          |
2025-04-28 16:33:10,331 [main] INFO  (TorqueDocumentationTask#begin():204) - +------------------------------------------+
2025-04-28 16:33:10,433 [main] INFO  (DfDataSourceHandler#prepare():78) - ...Preparing data source:
2025-04-28 16:33:10,434 [main] INFO  (DfDataSourceHandler#prepare():79) -   driver = org.postgresql.Driver
2025-04-28 16:33:10,435 [main] INFO  (DfDataSourceHandler#prepare():80) -   url    = jdbc:postgresql://localhost:5432/maihamadb
2025-04-28 16:33:10,436 [main] INFO  (DfDataSourceHandler#prepare():81) -   user   = maihamadb
2025-04-28 16:33:10,476 [main] INFO  (DfSchemaXmlSerializer#serialize():339) - 
2025-04-28 16:33:10,476 [main] INFO  (DfSchemaXmlSerializer#serialize():340) - ...Starting to process JDBC to SchemaXML
2025-04-28 16:33:10,486 [main] INFO  (DfSchemaXmlSerializer#generateXML():413) - ...Getting DB connection
2025-04-28 16:33:10,498 [main] INFO  (DfDataSourceHandler#createConnection():166) - ...Connecting to database by data source:
2025-04-28 16:33:10,774 [main] INFO  (DfDataSourceHandler#setupConnectionMetaInfo():233) -   product = PostgreSQL 17.4 (Debian 17.4-1.pgdg120+2)
2025-04-28 16:33:10,775 [main] INFO  (DfDataSourceHandler#setupConnectionMetaInfo():234) -   driver  = PostgreSQL JDBC Driver 42.2.10 for JDBC 4.2
2025-04-28 16:33:10,780 [main] INFO  (DfCurrentSchemaConnector#executeCurrentSchemaSql():77) - ...Connecting to the schema
2025-04-28 16:33:10,780 [main] INFO  (DfCurrentSchemaConnector#executeCurrentSchemaSql():78) - set search_path to resolaschema
2025-04-28 16:33:10,783 [main] INFO  (DfSchemaXmlSerializer#generateXML():416) - ...Getting DB meta data
2025-04-28 16:33:10,784 [main] INFO  (DfTableExtractor#doGetTableList():66) - ...Getting tables:
2025-04-28 16:33:10,784 [main] INFO  (DfTableExtractor#doGetTableList():67) -   schema = {maihamadb.resolaschema as main}
2025-04-28 16:33:10,785 [main] INFO  (DfTableExtractor#doGetTableList():68) -   types  = [TABLE, VIEW]
2025-04-28 16:33:10,816 [main] INFO  (DfSchemaXmlSerializer#processTable():472) - 
2025-04-28 16:33:10,820 [main] INFO  (DfSchemaXmlSerializer#processTable():473) - $ /= = = = = = = = = = = = = = = = = = = = = = = = = =
2025-04-28 16:33:10,820 [main] INFO  (DfSchemaXmlSerializer#processTable():474) - $ [Table List]
2025-04-28 16:33:10,820 [main] INFO  (DfSchemaXmlSerializer#doProcessTable():554) - $ maihamadb.resolaschema.station(TABLE)
2025-04-28 16:33:10,926 [main] INFO  (DfSchemaXmlSerializer#doProcessTable():554) - $ maihamadb.resolaschema.ticket_gate(TABLE)
2025-04-28 16:33:10,960 [main] INFO  (DfSchemaXmlSerializer#processTable():486) - $ 
2025-04-28 16:33:10,960 [main] INFO  (DfSchemaXmlSerializer#processTable():487) - $ [Table Count]
2025-04-28 16:33:10,960 [main] INFO  (DfSchemaXmlSerializer#processTable():488) - $ 2
2025-04-28 16:33:10,961 [main] INFO  (DfSchemaXmlSerializer#processTable():489) - $ = = = = = = = = = =/
2025-04-28 16:33:10,961 [main] INFO  (DfSchemaXmlSerializer#processTable():490) - 
2025-04-28 16:33:10,961 [main] INFO  (DfSchemaXmlSerializer#processSequence():857) - ...Getting sequences
2025-04-28 16:33:10,966 [main] INFO  (DfSequenceExtractorPostgreSQL#doGetSequenceMap():53) - ...Loading sequence informations
2025-04-28 16:33:10,967 [main] INFO  (DfSequenceExtractorBase#selectStringList():75) - select * from information_schema.sequences where sequence_schema in ('resolaschema')
2025-04-28 16:33:10,970 [main] INFO  (DfSequenceExtractorPostgreSQL#doGetSequenceMap():99) - 
[SEQUENCE]
2025-04-28 16:33:10,971 [main] INFO  (DfSchemaXmlSerializer#processSequence():862) - ...Processing sequences: 0
2025-04-28 16:33:10,971 [main] INFO  (DfSchemaXmlSerializer#serialize():354) - ...Serializing XML:
2025-04-28 16:33:10,971 [main] INFO  (DfSchemaXmlSerializer#serialize():355) -   filePath = ./schema/lreverse-schema-resolaschema.xml
2025-04-28 16:33:10,971 [main] INFO  (DfSchemaXmlSerializer#serialize():356) -   encoding = UTF-8
2025-04-28 16:33:10,995 [main] INFO  (DTDResolver#resolveEntity():195) - ...Resolving XML by database.dtd in same package
2025-04-28 16:33:11,030 [main] INFO  (DfLReverseSchemaTableFilter#filterTableList():76) - ...Filtering reversed table: 2
2025-04-28 16:33:11,031 [main] INFO  (DfLReverseTitleSectionProvider#prepareSectionInfoList():59) - ...Outputting load data: tables=2
2025-04-28 16:33:11,031 [main] INFO  (DfLReverseTitleSectionProvider#prepareSectionInfoList():59) -   recordLimit = -1
2025-04-28 16:33:11,031 [main] INFO  (DfLReverseTitleSectionProvider#prepareSectionInfoList():59) -   isReplaceSchemaDirectUse = true
2025-04-28 16:33:11,032 [main] INFO  (DfLReverseTitleSectionProvider#prepareSectionInfoList():59) -   isOverrideExistingDataFile = false
2025-04-28 16:33:11,032 [main] INFO  (DfLReverseTitleSectionProvider#prepareSectionInfoList():59) -   isSynchronizeOriginDate = false
2025-04-28 16:33:11,032 [main] INFO  (DfLReverseTitleSectionProvider#prepareSectionInfoList():59) -   isDelimiterDataBasis = true
2025-04-28 16:33:11,033 [main] INFO  (DfLReverseTitleSectionProvider#prepareSectionInfoList():59) -   isDelimiterDataMinimallyQuoted = false
2025-04-28 16:33:11,038 [main] INFO  (DfLReverseTableData#reverseTableData():87) - 
2025-04-28 16:33:11,040 [main] INFO  (DfLReverseTableData#reverseTableData():88) - [section: 01_misc]
2025-04-28 16:33:11,058 [main] INFO  (DfLReverseOutputHandler$1#handle():314) -   playsql/data/ut/reversetsv/UTF-8/cyclic_01_01-station.tsv (0)
2025-04-28 16:33:11,063 [main] INFO  (DfLReverseOutputHandler$1#handle():314) -   playsql/data/ut/reversetsv/UTF-8/cyclic_01_02-ticket_gate.tsv (0)
2025-04-28 16:33:11,064 [main] INFO  (DfLReverseProcess#outputResultMark():219) - ...Outputting result mark for reversed data
2025-04-28 16:33:11,070 [main] INFO  (DfRefreshResourceProcess#show():295) - /===========================================================================
2025-04-28 16:33:11,070 [main] INFO  (DfRefreshResourceProcess#show():295) - ...Refreshing [dbflute-test-dbms-postgresql] by http://localhost:8386/
2025-04-28 16:33:11,094 [main] INFO  (DfRefreshResourceProcess#show():295) - ...Retrying refreshing by secondary URL http://localhost:8387/ for dbflute-test-dbms-postgresql
2025-04-28 16:33:11,101 [main] INFO  (DfRefreshResourceProcess#show():295) -  => success of the retry refreshing: 8387 for dbflute-test-dbms-postgresql
2025-04-28 16:33:11,102 [main] INFO  (DfRefreshResourceProcess#show():295) - ==========/
2025-04-28 16:33:11,102 [main] INFO  (DfDataSourceHandler#destroy():120) - ...closeReally()
2025-04-28 16:33:11,107 [main] INFO  (DfDBFluteTaskUtil#logFinalMessage():139) - 
_/_/_/_/_/_/_/_/_/_/_/_/_/_/_/_/_/_/_/_/_/_/
[Final Message]: 00m00s808ms

  DBFLUTE_CLIENT: {resolaschema}
    database  = postgresql (PostgreSQL 17.4 (Debian 17.4-1.pgdg120+2))
    language  = java
    container = spring
    package   = org.docksidestage.dbflute.resola

  DBFLUTE_ENVIRONMENT_TYPE: {}
    driver = org.postgresql.Driver (PostgreSQL JDBC Driver 42.2.10 for JDBC 4.2)
    url    = jdbc:postgresql://localhost:5432/maihamadb
    schema = {maihamadb.resolaschema as main}
    user   = maihamadb
    props  = {}
    additionalSchema = 
    repsEnvType      = ut
    refreshProject   = $$AutoDetect$$
_/_/_/_/_/_/_/_/_/_/ {Doc}
2025-04-28 16:43:44,655 [main] INFO  (DfReplaceSchemaTask#begin():94) - +------------------------------------------+
2025-04-28 16:43:44,657 [main] INFO  (DfReplaceSchemaTask#begin():95) - |                                          |
2025-04-28 16:43:44,657 [main] INFO  (DfReplaceSchemaTask#begin():96) - |              ReplaceSchema               |
2025-04-28 16:43:44,667 [main] INFO  (DfReplaceSchemaTask#begin():104) - |                                          |
2025-04-28 16:43:44,668 [main] INFO  (DfReplaceSchemaTask#begin():105) - +------------------------------------------+
2025-04-28 16:43:44,670 [main] INFO  (DfReplaceSchemaTask#waitBeforeReps():423) - ...Waiting for your GO SIGN from stdin before ReplaceSchema:
2025-04-28 16:43:44,762 [main] INFO  (DfDataSourceHandler#prepare():78) - ...Preparing data source:
2025-04-28 16:43:44,763 [main] INFO  (DfDataSourceHandler#prepare():79) -   driver = org.postgresql.Driver
2025-04-28 16:43:44,763 [main] INFO  (DfDataSourceHandler#prepare():80) -   url    = jdbc:postgresql://localhost:5432/maihamadb
2025-04-28 16:43:44,763 [main] INFO  (DfDataSourceHandler#prepare():81) -   user   = maihamadb
2025-04-28 16:43:44,777 [main] INFO  (DfDataSourceHandler#createConnection():166) - ...Connecting to database by data source:
2025-04-28 16:43:45,047 [main] INFO  (DfDataSourceHandler#setupConnectionMetaInfo():233) -   product = PostgreSQL 17.4 (Debian 17.4-1.pgdg120+2)
2025-04-28 16:43:45,048 [main] INFO  (DfDataSourceHandler#setupConnectionMetaInfo():234) -   driver  = PostgreSQL JDBC Driver 42.2.10 for JDBC 4.2
2025-04-28 16:43:45,051 [main] INFO  (DfCurrentSchemaConnector#executeCurrentSchemaSql():77) - ...Connecting to the schema
2025-04-28 16:43:45,051 [main] INFO  (DfCurrentSchemaConnector#executeCurrentSchemaSql():78) - set search_path to resolaschema
2025-04-28 16:43:45,061 [main] INFO  (DfCreateSchemaProcess#initializeSchemaMainDrop():253) - 
2025-04-28 16:43:45,061 [main] INFO  (DfCreateSchemaProcess#initializeSchemaMainDrop():254) - * * * * * * * * * * *
2025-04-28 16:43:45,061 [main] INFO  (DfCreateSchemaProcess#initializeSchemaMainDrop():255) - *                   *
2025-04-28 16:43:45,062 [main] INFO  (DfCreateSchemaProcess#initializeSchemaMainDrop():256) - * Initialize Schema *
2025-04-28 16:43:45,062 [main] INFO  (DfCreateSchemaProcess#initializeSchemaMainDrop():257) - *                   *
2025-04-28 16:43:45,062 [main] INFO  (DfCreateSchemaProcess#initializeSchemaMainDrop():258) - * * * * * * * * * * *
2025-04-28 16:43:45,068 [main] INFO  (DfTableExtractor#doGetTableList():66) - ...Getting tables:
2025-04-28 16:43:45,068 [main] INFO  (DfTableExtractor#doGetTableList():67) -   schema = {maihamadb.resolaschema as main}
2025-04-28 16:43:45,068 [main] INFO  (DfTableExtractor#doGetTableList():68) -   types  = [TABLE, VIEW]
2025-04-28 16:43:45,116 [main] INFO  (DfSchemaInitializerJdbc#logReplaceSql():639) - truncate table ticket_gate
2025-04-28 16:43:45,144 [main] INFO  (DfSchemaInitializerJdbc#logReplaceSql():639) - alter table resolaschema.ticket_gate drop constraint fk_ticket_gate_station
2025-04-28 16:43:45,155 [main] INFO  (DfSchemaInitializerJdbc#logReplaceSql():639) - drop table station
2025-04-28 16:43:45,159 [main] INFO  (DfSchemaInitializerJdbc#logReplaceSql():639) - drop table ticket_gate
2025-04-28 16:43:45,201 [main] INFO  (DfCreateSchemaProcess#createSchema():293) - 
2025-04-28 16:43:45,203 [main] INFO  (DfCreateSchemaProcess#createSchema():294) - * * * * * * * * *
2025-04-28 16:43:45,203 [main] INFO  (DfCreateSchemaProcess#createSchema():295) - *               *
2025-04-28 16:43:45,203 [main] INFO  (DfCreateSchemaProcess#createSchema():296) - * Create Schema *
2025-04-28 16:43:45,204 [main] INFO  (DfCreateSchemaProcess#createSchema():297) - *               *
2025-04-28 16:43:45,204 [main] INFO  (DfCreateSchemaProcess#createSchema():298) - * * * * * * * * *
2025-04-28 16:43:45,211 [main] INFO  (DfSqlFileFireMan#fire():68) - ...Firing: replace-schema.sql
2025-04-28 16:43:45,213 [main] INFO  (DfSqlFileRunnerBase#traceSql():168) - 
create table STATION(
    STATION_ID INTEGER NOT NULL primary key,
    STATION_NAME VARCHAR(50) NOT NULL,
    BIRTHDATE DATE,
    FORMALIZED_DATETIME timestamp(3),
    HOME_COUNT INTEGER,
    WORKING_KILOMETER DECIMAL(4,2)
)
2025-04-28 16:43:45,218 [main] INFO  (DfSqlFileRunnerBase#traceSql():168) - 
create table TICKET_GATE(
    TICKET_GATE_ID INTEGER NOT NULL primary key,
    TICKET_GATE_NAME VARCHAR(50) NOT NULL,
    STATION_ID INTEGER NOT NULL
)
2025-04-28 16:43:45,221 [main] INFO  (DfSqlFileRunnerBase#traceSql():168) - 
alter table TICKET_GATE add constraint FK_TICKET_GATE_STATION 
    foreign key (STATION_ID) references STATION (STATION_ID)
2025-04-28 16:43:45,224 [main] INFO  (DfSqlFileRunnerBase#traceResult():172) -  -> success=3 failure=0
2025-04-28 16:43:45,224 [main] INFO  (DfSqlFileFireMan#fire():93) - Create Schema: success=3, failure=0 (in 1 files)
2025-04-28 16:43:45,249 [main] INFO  (DfLoadDataProcess#execute():133) - 
2025-04-28 16:43:45,249 [main] INFO  (DfLoadDataProcess#execute():134) - * * * * * * * * * * *
2025-04-28 16:43:45,250 [main] INFO  (DfLoadDataProcess#execute():135) - *                   *
2025-04-28 16:43:45,250 [main] INFO  (DfLoadDataProcess#execute():136) - * Load Data         *
2025-04-28 16:43:45,250 [main] INFO  (DfLoadDataProcess#execute():137) - *                   *
2025-04-28 16:43:45,250 [main] INFO  (DfLoadDataProcess#execute():138) - * * * * * * * * * * *
2025-04-28 16:43:45,263 [main] INFO  (DfDelimiterDataWriterImpl#writeData():98) - /= = = = = = = = = = = = = = = = = = = = = = = = = = = = = = = = = 
2025-04-28 16:43:45,263 [main] INFO  (DfDelimiterDataWriterImpl#writeData():99) - writeData(playsql/data/ut/reversetsv/UTF-8/cyclic_01_01-station.tsv)
2025-04-28 16:43:45,263 [main] INFO  (DfDelimiterDataWriterImpl#writeData():100) - = = = = = = =/
2025-04-28 16:43:45,264 [main] INFO  (DfTableExtractor#doGetTableList():66) - ...Getting tables:
2025-04-28 16:43:45,264 [main] INFO  (DfTableExtractor#doGetTableList():67) -   schema = {maihamadb.resolaschema as main}
2025-04-28 16:43:45,265 [main] INFO  (DfTableExtractor#doGetTableList():68) -   types  = [TABLE, VIEW]
2025-04-28 16:43:45,280 [main] INFO  (DfAbsractDataWriter#handleLoggingInsert():1103) - insert into station (station_id, station_name, birthdate, formalized_datetime, home_count, working_kilometer) values(?, ?, ?, ?, ?, ?)
2025-04-28 16:43:45,281 [main] INFO  (DfAbsractDataWriter#handleLoggingInsert():1117) - station:{1, Resort Gateway Station, 2001/07/27, 2001/07/27 06:00:00, 2, 0.0}
2025-04-28 16:43:45,300 [main] INFO  (DfAbsractDataWriter#handleLoggingInsert():1117) - station:{2, Land Station, 2001/07/27, 2001/07/27 06:12:34, 1, 0.6}
2025-04-28 16:43:45,302 [main] INFO  (DfAbsractDataWriter#handleLoggingInsert():1117) - station:{3, Bayside Station, 2001/07/27, 2001/07/27 18:23:45, 1, 1.8}
2025-04-28 16:43:45,305 [main] INFO  (DfAbsractDataWriter#handleLoggingInsert():1117) - station:{4, Sea Station, 2001/09/04, 2001/09/04 06:12:34, 2, 3.7}
2025-04-28 16:43:45,312 [main] INFO  (DfAbsractDataWriter#noticeLoadedRowSize():1133) -  -> 4 rows are loaded to station
2025-04-28 16:43:45,313 [main] INFO  (DfDelimiterDataWriterImpl#writeData():98) - /= = = = = = = = = = = = = = = = = = = = = = = = = = = = = = = = = 
2025-04-28 16:43:45,314 [main] INFO  (DfDelimiterDataWriterImpl#writeData():99) - writeData(playsql/data/ut/reversetsv/UTF-8/cyclic_01_02-ticket_gate.tsv)
2025-04-28 16:43:45,314 [main] INFO  (DfDelimiterDataWriterImpl#writeData():100) - = = = = = = =/
2025-04-28 16:43:45,314 [main] INFO  (DfTableExtractor#doGetTableList():66) - ...Getting tables:
2025-04-28 16:43:45,314 [main] INFO  (DfTableExtractor#doGetTableList():67) -   schema = {maihamadb.resolaschema as main}
2025-04-28 16:43:45,314 [main] INFO  (DfTableExtractor#doGetTableList():68) -   types  = [TABLE, VIEW]
2025-04-28 16:43:45,321 [main] INFO  (DfAbsractDataWriter#handleLoggingInsert():1103) - insert into ticket_gate (ticket_gate_id, ticket_gate_name, station_id) values(?, ?, ?)
2025-04-28 16:43:45,322 [main] INFO  (DfAbsractDataWriter#handleLoggingInsert():1117) - ticket_gate:{1, JR, 1}
2025-04-28 16:43:45,322 [main] INFO  (DfAbsractDataWriter#handleLoggingInsert():1117) - ticket_gate:{2, Ikspiari, 1}
2025-04-28 16:43:45,322 [main] INFO  (DfAbsractDataWriter#handleLoggingInsert():1117) - ticket_gate:{3, Land Entrance, 2}
2025-04-28 16:43:45,323 [main] INFO  (DfAbsractDataWriter#handleLoggingInsert():1117) - ticket_gate:{4, Gateway Entrance, 3}
2025-04-28 16:43:45,323 [main] INFO  (DfAbsractDataWriter#handleLoggingInsert():1117) - ticket_gate:{5, Sea Go, 4}
2025-04-28 16:43:45,324 [main] INFO  (DfAbsractDataWriter#handleLoggingInsert():1117) - ticket_gate:{6, Sea Retrun, 4}
2025-04-28 16:43:45,329 [main] INFO  (DfAbsractDataWriter#noticeLoadedRowSize():1133) -  -> 6 rows are loaded to ticket_gate
2025-04-28 16:43:45,330 [main] INFO  (DfLoadDataProcess#lazyCheckLoadedClassifiaction():387) - ...Checking implicit set of classification
2025-04-28 16:43:45,337 [main] INFO  (DfTakeFinallyProcess#takeFinally():244) - 
2025-04-28 16:43:45,337 [main] INFO  (DfTakeFinallyProcess#takeFinally():245) - * * * * * * * **
2025-04-28 16:43:45,338 [main] INFO  (DfTakeFinallyProcess#takeFinally():246) - *              *
2025-04-28 16:43:45,338 [main] INFO  (DfTakeFinallyProcess#takeFinally():247) - * Take Finally *
2025-04-28 16:43:45,339 [main] INFO  (DfTakeFinallyProcess#takeFinally():248) - *              *
2025-04-28 16:43:45,339 [main] INFO  (DfTakeFinallyProcess#takeFinally():249) - * * * * * * * **
2025-04-28 16:43:45,342 [main] INFO  (DfSqlFileFireMan#fire():68) - ...Firing: take-finally.sql
2025-04-28 16:43:45,344 [main] INFO  (DfSqlFileRunnerBase#traceResult():172) -  -> success=0 failure=0
2025-04-28 16:43:45,344 [main] INFO  (DfSqlFileFireMan#fire():93) - Take Finally: success=0, failure=0 (in 1 files)
2025-04-28 16:43:45,345 [main] INFO  (DfDataSourceHandler#destroy():120) - ...closeReally()
2025-04-28 16:43:45,347 [main] INFO  (DfDBFluteTaskUtil#logFinalMessage():139) - 
_/_/_/_/_/_/_/_/_/_/_/_/_/_/_/_/_/_/_/_/_/_/
[Final Message]: 00m00s705ms

  DBFLUTE_CLIENT: {resolaschema}
    database  = postgresql (PostgreSQL 17.4 (Debian 17.4-1.pgdg120+2))
    language  = java
    container = spring
    package   = org.docksidestage.dbflute.resola

  DBFLUTE_ENVIRONMENT_TYPE: {}
    driver = org.postgresql.Driver (PostgreSQL JDBC Driver 42.2.10 for JDBC 4.2)
    url    = jdbc:postgresql://localhost:5432/maihamadb
    schema = {maihamadb.resolaschema as main}
    user   = maihamadb
    props  = {}
    additionalSchema = 
    repsEnvType      = ut
    refreshProject   = $$AutoDetect$$

 Create Schema: success=3, failure=0 (in 1 files) - 00m00s166ms
  (Initialize Schema) - 00m00s107ms
  (Create Schema) - 00m00s020ms
  o replace-schema.sql

 Load Data: ut:{tsv=2} - 00m00s085ms
  <ut>
  o cyclic_01_01-station.tsv
  o cyclic_01_02-ticket_gate.tsv

 Take Finally: success=0, failure=0 (in 1 files) - 00m00s007ms
  o take-finally.sql
_/_/_/_/_/_/_/_/_/_/ {ReplaceSchema}
